<?xml version="1.0" encoding="UTF-8"?>
<testsuite name="TwoferTest" tests="3" skipped="0" failures="0" errors="0" timestamp="2019-12-20T10:26:50" hostname="INYousufbabaShaiks-MacBook-Pro.local" time="0.006">
  <properties/>
  <testcase name="noNameGiven" classname="TwoferTest" time="0.006"/>
  <testcase name="aNameGiven" classname="TwoferTest" time="0.0"/>
  <testcase name="anotherNameGiven" classname="TwoferTest" time="0.0"/>
  <system-out><![CDATA[]]></system-out>
  <system-err><![CDATA[]]></system-err>
</testsuite>
